<?xml version="1.0" encoding="UTF-8"?>
<!-- Generated by org.testng.reporters.JUnitReportReporter -->
<testsuite hostname="Sumathi" failures="0" tests="2" name="testRunner.TestNGTestRunner" time="18.894" errors="2" timestamp="2022-11-21T10:26:19 MST" skipped="0">
  <testcase classname="testRunner.TestNGTestRunner" name="runScenario" time="7.702">
    <error type="java.lang.NullPointerException">
      <![CDATA[java.lang.NullPointerException
at stepDefinitions.LandingStepDef.user_search_the_product_from_and_rownumber(LandingStepDef.java:43)
at ✽.User search the product from "product" and rownumber "1"(file:///C:/Users/nsuma/OneDrive/Desktop/NEWCLONE/CucumberBDD/src/test/java/Feature/Shopping.feature:7)
]]>
    </error>
  </testcase> <!-- runScenario -->
  <system-out/>
  <testcase classname="testRunner.TestNGTestRunner" name="runScenario" time="11.192">
    <error type="java.lang.NullPointerException">
      <![CDATA[java.lang.NullPointerException
at stepDefinitions.LandingStepDef.user_search_the_product_from_and_rownumber(LandingStepDef.java:43)
at ✽.User search the product from "product" and rownumber "0"(file:///C:/Users/nsuma/OneDrive/Desktop/NEWCLONE/CucumberBDD/src/test/java/Feature/Shopping.feature:7)
]]>
    </error>
  </testcase> <!-- runScenario -->
  <system-out/>
</testsuite> <!-- testRunner.TestNGTestRunner -->
